<?xml version="1.0" encoding="UTF-8" ?>
<testsuite errors="0" failures="0" hostname="ARMOREDLAPTOP" name="AP2DX.test.AP2DXBaseTest" tests="2" time="0.138" timestamp="2011-06-08T18:08:30">
  <properties>
    <property name="instrumented.dir" value="/home/maarten/uva/AP2DX/java/AP2DX/ant/instrumented" />
    <property name="java.runtime.name" value="OpenJDK Runtime Environment" />
    <property name="cobertura.dir" value="lib/cobertura/" />
    <property name="sun.boot.library.path" value="/usr/lib/jvm/java-6-openjdk/jre/lib/i386" />
    <property name="java.vm.version" value="16.0-b13" />
    <property name="ant.library.dir" value="/usr/share/ant/lib" />
    <property name="ant.dir" value="/home/maarten/uva/AP2DX/java/AP2DX/ant" />
    <property name="ant.version" value="Apache Ant version 1.7.1 compiled on September 8 2010" />
    <property name="ant.java.version" value="1.6" />
    <property name="java.vm.vendor" value="Sun Microsystems Inc." />
    <property name="java.vendor.url" value="http://java.sun.com/" />
    <property name="path.separator" value=":" />
    <property name="java.vm.name" value="OpenJDK Server VM" />
    <property name="file.encoding.pkg" value="sun.io" />
    <property name="user.country" value="US" />
    <property name="sun.java.launcher" value="SUN_STANDARD" />
    <property name="sun.os.patch.level" value="unknown" />
    <property name="java.vm.specification.name" value="Java Virtual Machine Specification" />
    <property name="user.dir" value="/home/maarten/uva/AP2DX/java/AP2DX" />
    <property name="java.runtime.version" value="1.6.0_18-b18" />
    <property name="java.awt.graphicsenv" value="sun.awt.X11GraphicsEnvironment" />
    <property name="basedir" value="/home/maarten/uva/AP2DX/java/AP2DX" />
    <property name="java.endorsed.dirs" value="/usr/lib/jvm/java-6-openjdk/jre/lib/endorsed" />
    <property name="os.arch" value="i386" />
    <property name="java.io.tmpdir" value="/tmp" />
    <property name="ant.core.lib" value="/usr/share/ant/lib/ant.jar" />
    <property name="line.separator" value="
" />
    <property name="java.vm.specification.vendor" value="Sun Microsystems Inc." />
    <property name="os.name" value="Linux" />
    <property name="ant.home" value="/usr/share/ant" />
    <property name="net.sourceforge.cobertura.datafile" value="/home/maarten/uva/AP2DX/java/AP2DX/ant/cobertura.ser" />
    <property name="build.dir" value="/home/maarten/uva/AP2DX/java/AP2DX/ant/build" />
    <property name="ant.project.name" value="AP2DX" />
    <property name="sun.jnu.encoding" value="UTF-8" />
    <property name="java.library.path" value="/usr/lib/jvm/java-6-openjdk/jre/lib/i386/server:/usr/lib/jvm/java-6-openjdk/jre/lib/i386:/usr/lib/jvm/java-6-openjdk/jre/../lib/i386:/usr/java/packages/lib/i386:/usr/lib/jni:/lib:/usr/lib" />
    <property name="java.class.version" value="50.0" />
    <property name="java.specification.name" value="Java Platform API Specification" />
    <property name="test.report.dir" value="/home/maarten/uva/AP2DX/java/AP2DX/ant/testreport" />
    <property name="sun.management.compiler" value="HotSpot Tiered Compilers" />
    <property name="os.version" value="2.6.32-27-generic" />
    <property name="ant.file" value="/home/maarten/uva/AP2DX/java/AP2DX/build.xml" />
    <property name="user.home" value="/home/maarten" />
    <property name="user.timezone" value="" />
    <property name="javadoc.dir" value="/home/maarten/uva/AP2DX/java/AP2DX/ant/javadoc" />
    <property name="java.awt.printerjob" value="sun.print.PSPrinterJob" />
    <property name="java.specification.version" value="1.6" />
    <property name="file.encoding" value="UTF-8" />
    <property name="java.class.path" value="/home/maarten/uva/AP2DX/java/AP2DX/ant/instrumented:/home/maarten/uva/AP2DX/java/AP2DX/lib/cobertura/asm-3.0.jar:/home/maarten/uva/AP2DX/java/AP2DX/lib/cobertura/asm-tree-3.0.jar:/home/maarten/uva/AP2DX/java/AP2DX/lib/cobertura/cobertura.jar:/home/maarten/uva/AP2DX/java/AP2DX/lib/cobertura/jakarta-oro-2.0.8.jar:/home/maarten/uva/AP2DX/java/AP2DX/lib/cobertura/log4j-1.2.9.jar:/home/maarten/uva/AP2DX/java/AP2DX/lib/json_simple-1.1.jar:/home/maarten/uva/AP2DX/java/AP2DX/lib/junit-4.9b2.jar:/home/maarten/uva/AP2DX/java/AP2DX/ant/build:/usr/share/ant/lib/junit.jar:/usr/share/java/ant-launcher-1.7.1.jar:/usr/share/ant/lib/ant.jar:/usr/share/ant/lib/ant-junit.jar" />
    <property name="user.name" value="maarten" />
    <property name="java.vm.specification.version" value="1.0" />
    <property name="java.home" value="/usr/lib/jvm/java-6-openjdk/jre" />
    <property name="sun.arch.data.model" value="32" />
    <property name="user.language" value="en" />
    <property name="java.specification.vendor" value="Sun Microsystems Inc." />
    <property name="java.vm.info" value="mixed mode" />
    <property name="java.version" value="1.6.0_18" />
    <property name="java.ext.dirs" value="/usr/lib/jvm/java-6-openjdk/jre/lib/ext:/usr/java/packages/lib/ext" />
    <property name="sun.boot.class.path" value="/usr/lib/jvm/java-6-openjdk/jre/lib/resources.jar:/usr/lib/jvm/java-6-openjdk/jre/lib/rt.jar:/usr/lib/jvm/java-6-openjdk/jre/lib/sunrsasign.jar:/usr/lib/jvm/java-6-openjdk/jre/lib/jsse.jar:/usr/lib/jvm/java-6-openjdk/jre/lib/jce.jar:/usr/lib/jvm/java-6-openjdk/jre/lib/charsets.jar:/usr/lib/jvm/java-6-openjdk/jre/lib/rhino.jar:/usr/lib/jvm/java-6-openjdk/jre/classes" />
    <property name="java.vendor" value="Sun Microsystems Inc." />
    <property name="file.separator" value="/" />
    <property name="coverage.dir" value="/home/maarten/uva/AP2DX/java/AP2DX/ant/coveragereport" />
    <property name="src.dir" value="/home/maarten/uva/AP2DX/java/AP2DX/src" />
    <property name="java.vendor.url.bug" value="http://java.sun.com/cgi-bin/bugreport.cgi" />
    <property name="sun.io.unicode.encoding" value="UnicodeLittle" />
    <property name="sun.cpu.endian" value="little" />
    <property name="ant.file.AP2DX" value="/home/maarten/uva/AP2DX/java/AP2DX/build.xml" />
    <property name="sun.desktop" value="gnome" />
    <property name="jar.dir" value="/home/maarten/uva/AP2DX/java/AP2DX/ant/jar" />
    <property name="sun.cpu.isalist" value="" />
  </properties>
  <testcase classname="AP2DX.test.AP2DXBaseTest" name="testNothing" time="0.003" />
  <testcase classname="AP2DX.test.AP2DXBaseTest" name="testConcreteClass" time="0.042" />
  <system-out><![CDATA[#Cur dir: /home/maarten/uva/AP2DX/java/AP2DX
]]></system-out>
  <system-err><![CDATA[Jun 8, 2011 8:08:30 PM AP2DX.AP2DXBase <init>
INFO: Package: AP2DX.test
Jun 8, 2011 8:08:30 PM AP2DX.AP2DXBase <init>
INFO: Directory: /home/maarten/uva/AP2DX/java/AP2DX
]]></system-err>
</testsuite>
